09:10:24| ****************************************
09:10:24| Part 1
09:10:24| 
09:10:24| File: verysmall.bmp
09:10:24| Number of drawing commands for = 88
09:10:29| Found path has length          = 1
09:10:29| 
09:10:29| File: verysmall-loops.bmp
09:10:29| Number of drawing commands for = 360
09:10:31| Found path has length          = 1
09:10:31| 
09:10:31| File: small.bmp
09:10:31| Number of drawing commands for = 1336
09:10:33| Found path has length          = 1
09:10:33| 
09:10:33| File: small-loops.bmp
09:10:33| Number of drawing commands for = 1570
09:10:34| Found path has length          = 1
09:10:34| 
09:10:34| File: small-odd.bmp
09:10:34| Number of drawing commands for = 2746
09:10:36| Found path has length          = 1
09:10:36| 
09:10:36| File: small-open.bmp
09:10:36| Number of drawing commands for = 3658
09:10:39| Found path has length          = 1
09:10:39| 
09:10:39| File: large.bmp
09:10:39| Number of drawing commands for = 37776
