14:40:21| Starting to retrieve data from the server
14:40:23| -----------------------------------------
14:40:23| Title   : Revenge of the Sith
14:40:23| Director: George Lucas
14:40:23| Producer: Rick McCallum
14:40:23| Released: 2005-05-19
14:40:23| 
14:40:29| Characters :34
14:40:29| Adi Gallia, Anakin Skywalker, Ayla Secura, Bail Prestor Organa, Beru Whitesun lars, C-3PO, Chewbacca, Darth Vader, Dooku, Eeth Koth, Grievous, Ki-Adi-Mundi, Kit Fisto, Leia Organa, Luke Skywalker, Luminara Unduli, Mace Windu, Nute Gunray, Obi-Wan Kenobi, Owen Lars, Padmé Amidala, Palpatine, Plo Koon, Poggle the Lesser, R2-D2, R4-P17, Raymus Antilles, Saesee Tiin, Shaak Ti, Sly Moore, Tarfful, Tion Medon, Wilhuff Tarkin, Yoda
14:40:29| 
14:40:29| Planets :13
14:40:29| Alderaan, Cato Neimoidia, Coruscant, Dagobah, Felucia, Kashyyyk, Mustafar, Mygeeto, Naboo, Polis Massa, Saleucami, Tatooine, Utapau
14:40:29| 
14:40:29| Starships :12
14:40:29| Banking clan frigte, Belbullab-22 starfighter, CR90 corvette, Droid control ship, Jedi Interceptor, Jedi starfighter, Naboo star skiff, Republic attack cruiser, Theta-class T-2c shuttle, Trade Federation cruiser, V-wing, arc-170
14:40:29| 
14:40:29| Vehicles :13
14:40:29| AT-RT, AT-TE, Clone turbo tank, Corporate Alliance tank droid, Droid gunship, Droid tri-fighter, Emergency Firespeeder, LAAT/i, Neimoidian shuttle, Oevvaor jet catamaran, Raddaugh Gnasp fluttercraft, Tsmeu-6 personal wheel bike, Vulture Droid
14:40:29| 
14:40:29| Species :20
14:40:29| Cerean, Chagrian, Clawdite, Droid, Geonosian, Human, Iktotchi, Kaleesh, Kel Dor, Mirialan, Muun, Pau an, Quermian, Skakoan, Tholothian, Togruta, Toong, Twi lek, Wookie, Yoda species
14:40:29| 
14:40:29| Total Time To complete = 7.34542746
14:40:29| There were 94 calls to the server
